  Game.cpp
  GraphicsSettings.cpp
  Gui.cpp
  main.cpp
  MemuState.cpp
  server.cpp
  State.cpp
  stdafx.cpp
  SubmenuState.cpp
  snake.cpp
D:\Desktop\Project1\Project1\snake.cpp(96,12): warning C4244: “参数”: 从“time_t”转换到“unsigned int”，可能丢失数据
D:\Desktop\Project1\Project1\snake.cpp(113,30): warning C4305: “初始化”: 从“double”到“float”截断
D:\Desktop\Project1\Project1\snake.cpp(127,45): warning C4244: “参数”: 从“int”转换到“float”，可能丢失数据
D:\Desktop\Project1\Project1\snake.cpp(179,17): warning C4244: “=”: 从“double”转换到“float”，可能丢失数据
D:\Desktop\Project1\Project1\snake.cpp(190,37): warning C4244: “参数”: 从“int”转换到“float”，可能丢失数据
D:\Desktop\Project1\Project1\snake.cpp(190,27): warning C4244: “参数”: 从“int”转换到“float”，可能丢失数据
D:\Desktop\Project1\Project1\snake.cpp(199,47): warning C4244: “参数”: 从“int”转换到“float”，可能丢失数据
D:\Desktop\Project1\Project1\snake.cpp(199,32): warning C4244: “参数”: 从“int”转换到“float”，可能丢失数据
D:\Desktop\Project1\Project1\snake.cpp(203,47): warning C4244: “参数”: 从“int”转换到“float”，可能丢失数据
D:\Desktop\Project1\Project1\snake.cpp(203,32): warning C4244: “参数”: 从“int”转换到“float”，可能丢失数据
D:\Desktop\Project1\Project1\snake.cpp(208,39): warning C4244: “参数”: 从“int”转换到“float”，可能丢失数据
D:\Desktop\Project1\Project1\snake.cpp(208,27): warning C4244: “参数”: 从“int”转换到“float”，可能丢失数据
  double_tetris.cpp
D:\Desktop\Project1\Project1\stdafx.h(24,10): fatal error C1083: 无法打开包括文件: “SFML\System.hpp”: No such file or directory
  tetris.cpp
D:\Desktop\Project1\Project1\stdafx.h(24,10): fatal error C1083: 无法打开包括文件: “SFML\System.hpp”: No such file or directory
  正在生成代码...
