d:\desktop\my software\project1\x64\release\vc143.pdb
d:\desktop\my software\project1\x64\release\tetris.obj
d:\desktop\my software\project1\x64\release\stdafx.obj
d:\desktop\my software\project1\x64\release\snake.obj
d:\desktop\my software\project1\x64\release\server.obj
d:\desktop\my software\project1\x64\release\main.obj
d:\desktop\my software\project1\x64\release\double_tetris.obj
d:\desktop\my software\project1\x64\release\submenustate.obj
d:\desktop\my software\project1\x64\release\state.obj
d:\desktop\my software\project1\x64\release\memustate.obj
d:\desktop\my software\project1\x64\release\gui.obj
d:\desktop\my software\project1\x64\release\graphicssettings.obj
d:\desktop\my software\project1\x64\release\game.obj
d:\desktop\my software\x64\release\project1.exe
d:\desktop\my software\x64\release\project1.pdb
d:\desktop\my software\project1\x64\release\project1.iobj
d:\desktop\my software\project1\x64\release\project1.ipdb
d:\desktop\my software\project1\x64\release\project1.tlog\cl.command.1.tlog
d:\desktop\my software\project1\x64\release\project1.tlog\cl.read.1.tlog
d:\desktop\my software\project1\x64\release\project1.tlog\cl.write.1.tlog
d:\desktop\my software\project1\x64\release\project1.tlog\link.command.1.tlog
d:\desktop\my software\project1\x64\release\project1.tlog\link.read.1.tlog
d:\desktop\my software\project1\x64\release\project1.tlog\link.write.1.tlog
